<?xml version="1.0" encoding="UTF-8"?>
<!-- Generated by org.testng.reporters.JUnitReportReporter -->
<testsuite hostname="DESKTOP-UHUMFC4" failures="0" tests="1" name="Test.LoginPageTest" time="6.824" errors="0" timestamp="2025-09-30T12:36:32 IST" skipped="0">
  <testcase classname="Test.LoginPageTest" name="verifyLoginTest" time="6.824"/>
</testsuite> <!-- Test.LoginPageTest -->
