<?xml version="1.0" encoding="UTF-8"?>
<!-- Generated by org.testng.reporters.JUnitReportReporter -->
<testsuite hostname="DESKTOP-UHUMFC4" failures="0" tests="1" name="Test.HomePageTest" time="7.416" errors="0" timestamp="2025-09-30T19:53:25 IST" skipped="0">
  <testcase classname="Test.HomePageTest" name="addproductsToCartTest" time="7.416"/>
</testsuite> <!-- Test.HomePageTest -->
